<?xml version="1.0" encoding="UTF-8"?>
<testng-results ignored="0" total="2" passed="2" failed="0" skipped="0">
  <reporter-output>
  </reporter-output>
  <suite started-at="2026-08-09T21:27:03 IST" name="Default suite" finished-at="2026-08-09T21:27:37 IST" duration-ms="34011">
    <groups>
    </groups>
    <test started-at="2026-08-09T21:27:03 IST" name="Default test" finished-at="2026-08-09T21:27:37 IST" duration-ms="34011">
      <class name="HealthCare.Login">
        <test-method is-config="true" signature="Blaunch()[pri:0, instance:HealthCare.Login@1165b38]" started-at="2026-08-09T21:27:03 IST" name="Blaunch" finished-at="2026-08-09T21:27:16 IST" duration-ms="13058" status="PASS">
          <reporter-output>
          </reporter-output>
        </test-method> <!-- Blaunch -->
        <test-method signature="login()[pri:1, instance:HealthCare.Login@1165b38]" started-at="2026-08-09T21:27:16 IST" name="login" finished-at="2026-08-09T21:27:29 IST" duration-ms="12741" status="PASS">
          <reporter-output>
          </reporter-output>
        </test-method> <!-- login -->
        <test-method signature="Search_or_Add_Patient()[pri:2, instance:HealthCare.Login@1165b38]" started-at="2026-08-09T21:27:29 IST" name="Search_or_Add_Patient" finished-at="2026-08-09T21:27:36 IST" duration-ms="6609" status="PASS">
          <reporter-output>
          </reporter-output>
        </test-method> <!-- Search_or_Add_Patient -->
        <test-method is-config="true" signature="teardown()[pri:0, instance:HealthCare.Login@1165b38]" started-at="2026-08-09T21:27:36 IST" name="teardown" finished-at="2026-08-09T21:27:37 IST" duration-ms="1476" status="PASS">
          <reporter-output>
          </reporter-output>
        </test-method> <!-- teardown -->
      </class> <!-- HealthCare.Login -->
    </test> <!-- Default test -->
  </suite> <!-- Default suite -->
</testng-results>
